<?xml version="1.0" encoding="UTF-8"?>
<testng-results ignored="0" total="1" passed="1" failed="0" skipped="0">
  <reporter-output>
  </reporter-output>
  <suite started-at="2022-10-07T04:10:38Z" name="Default suite" finished-at="2022-10-07T04:14:13Z" duration-ms="215296">
    <groups>
    </groups>
    <test started-at="2022-10-07T04:10:38Z" name="Default test" finished-at="2022-10-07T04:14:13Z" duration-ms="215296">
      <class name="com.auto.core.AutomationCore">
        <test-method is-config="true" signature="openWhatsapp()[pri:0, instance:com.auto.core.AutomationCore@455b6df1]" started-at="2022-10-07T04:10:38Z" name="openWhatsapp" finished-at="2022-10-07T04:10:38Z" duration-ms="434" status="PASS">
          <reporter-output>
          </reporter-output>
        </test-method> <!-- openWhatsapp -->
        <test-method is-config="true" signature="f()[pri:0, instance:com.auto.core.AutomationCore@455b6df1]" started-at="2022-10-07T04:10:38Z" name="f" finished-at="2022-10-07T04:10:38Z" duration-ms="1" status="PASS">
          <reporter-output>
          </reporter-output>
        </test-method> <!-- f -->
        <test-method signature="healthFirst()[pri:0, instance:com.auto.core.AutomationCore@455b6df1]" started-at="2022-10-07T04:10:38Z" name="healthFirst" finished-at="2022-10-07T04:14:12Z" duration-ms="213772" status="PASS">
          <reporter-output>
          </reporter-output>
        </test-method> <!-- healthFirst -->
        <test-method is-config="true" signature="closeBrowers()[pri:0, instance:com.auto.core.AutomationCore@455b6df1]" started-at="2022-10-07T04:14:12Z" name="closeBrowers" finished-at="2022-10-07T04:14:13Z" duration-ms="1071" status="PASS">
          <reporter-output>
          </reporter-output>
        </test-method> <!-- closeBrowers -->
      </class> <!-- com.auto.core.AutomationCore -->
    </test> <!-- Default test -->
  </suite> <!-- Default suite -->
</testng-results>
