<?xml version="1.0" encoding="UTF-8"?>
<testng-results ignored="0" total="1" passed="1" failed="0" skipped="0">
  <reporter-output>
  </reporter-output>
  <suite started-at="2022-11-18T14:54:56Z" name="Default suite" finished-at="2022-11-19T03:24:25Z" duration-ms="44969609">
    <groups>
    </groups>
    <test started-at="2022-11-18T14:54:56Z" name="Default test" finished-at="2022-11-19T03:24:25Z" duration-ms="44969609">
      <class name="com.auto.core.AutomationCore">
        <test-method is-config="true" signature="openWhatsapp()[pri:0, instance:com.auto.core.AutomationCore@1b75c2e3]" started-at="2022-11-18T14:54:56Z" name="openWhatsapp" finished-at="2022-11-18T14:54:56Z" duration-ms="234" status="PASS">
          <reporter-output>
          </reporter-output>
        </test-method> <!-- openWhatsapp -->
        <test-method signature="tagUpdaterWithServiceID()[pri:0, instance:com.auto.core.AutomationCore@1b75c2e3]" started-at="2022-11-18T14:54:56Z" name="tagUpdaterWithServiceID" finished-at="2022-11-19T03:24:25Z" duration-ms="44969207" status="PASS">
          <reporter-output>
          </reporter-output>
        </test-method> <!-- tagUpdaterWithServiceID -->
        <test-method is-config="true" signature="f()[pri:0, instance:com.auto.core.AutomationCore@1b75c2e3]" started-at="2022-11-18T14:54:56Z" name="f" finished-at="2022-11-18T14:54:56Z" duration-ms="0" status="PASS">
          <reporter-output>
          </reporter-output>
        </test-method> <!-- f -->
        <test-method is-config="true" signature="closeBrowers()[pri:0, instance:com.auto.core.AutomationCore@1b75c2e3]" started-at="2022-11-19T03:24:25Z" name="closeBrowers" finished-at="2022-11-19T03:24:25Z" duration-ms="158" status="PASS">
          <reporter-output>
          </reporter-output>
        </test-method> <!-- closeBrowers -->
      </class> <!-- com.auto.core.AutomationCore -->
    </test> <!-- Default test -->
  </suite> <!-- Default suite -->
</testng-results>
